<?xml version="1.0" encoding="UTF-8" ?>
<testsuite tests="85" failures="6" name="Runner.TestRunner" time="4.757" errors="0" skipped="5">
  <properties>
    <property name="java.runtime.name" value="Java(TM) SE Runtime Environment"/>
    <property name="cucumber.options" value="--tags @UpdateComputer"/>
    <property name="sun.boot.library.path" value="C:\Program Files\Java\jdk1.8.0_131\jre\bin"/>
    <property name="java.vm.version" value="25.131-b11"/>
    <property name="java.vm.vendor" value="Oracle Corporation"/>
    <property name="maven.multiModuleProjectDirectory" value="C:\Backbase"/>
    <property name="java.vendor.url" value="http://java.oracle.com/"/>
    <property name="path.separator" value=";"/>
    <property name="guice.disable.misplaced.annotation.check" value="true"/>
    <property name="java.vm.name" value="Java HotSpot(TM) 64-Bit Server VM"/>
    <property name="file.encoding.pkg" value="sun.io"/>
    <property name="user.script" value=""/>
    <property name="user.country" value="AU"/>
    <property name="sun.java.launcher" value="SUN_STANDARD"/>
    <property name="sun.os.patch.level" value=""/>
    <property name="java.vm.specification.name" value="Java Virtual Machine Specification"/>
    <property name="user.dir" value="C:\Backbase"/>
    <property name="java.runtime.version" value="1.8.0_131-b11"/>
    <property name="java.awt.graphicsenv" value="sun.awt.Win32GraphicsEnvironment"/>
    <property name="java.endorsed.dirs" value="C:\Program Files\Java\jdk1.8.0_131\jre\lib\endorsed"/>
    <property name="os.arch" value="amd64"/>
    <property name="java.io.tmpdir" value="C:\Users\Harish19\AppData\Local\Temp\"/>
    <property name="line.separator" value="
"/>
    <property name="java.vm.specification.vendor" value="Oracle Corporation"/>
    <property name="user.variant" value=""/>
    <property name="os.name" value="Windows 10"/>
    <property name="classworlds.conf" value="C:\apache-maven-3.5.4\bin\..\bin\m2.conf"/>
    <property name="sun.jnu.encoding" value="Cp1252"/>
    <property name="java.library.path" value="C:\Program Files\Java\jdk1.8.0_131\bin;C:\WINDOWS\Sun\Java\bin;C:\WINDOWS\system32;C:\WINDOWS;C:\ProgramData\Oracle\Java\javapath;C:\WINDOWS\system32;C:\WINDOWS;C:\WINDOWS\System32\Wbem;C:\WINDOWS\System32\WindowsPowerShell\v1.0\;C:\Program Files (x86)\Skype\Phone\;C:\Program Files (x86)\Calibre2\;C:\Python 3\Scripts;C:\Python 3\;C:\Program Files\Git\cmd;C:\apache-maven-3.5.4\bin;C:\WINDOWS\System32\OpenSSH\;C:\Program Files\nodejs\;C:\Users\Harish19\Anaconda3;C:\Users\Harish19\Anaconda3\Library\mingw-w64\bin;C:\Users\Harish19\Anaconda3\Library\usr\bin;C:\Users\Harish19\Anaconda3\Library\bin;C:\Users\Harish19\Anaconda3\Scripts;C:\Users\Harish19\AppData\Local\Programs\Python\Python35\Scripts\;C:\Users\Harish19\AppData\Local\Programs\Python\Python35\;C:\Python 3\Scripts\;C:\Python 3\;C:\Users\Harish19\AppData\Local\Microsoft\WindowsApps;C:\apache-maven-3.5.4\bin;C:\Users\Harish19\AppData\Roaming\npm;."/>
    <property name="maven.conf" value="C:\apache-maven-3.5.4\bin\../conf"/>
    <property name="java.specification.name" value="Java Platform API Specification"/>
    <property name="java.class.version" value="52.0"/>
    <property name="sun.management.compiler" value="HotSpot 64-Bit Tiered Compilers"/>
    <property name="os.version" value="10.0"/>
    <property name="library.jansi.path" value="C:\apache-maven-3.5.4\bin\..\lib\jansi-native"/>
    <property name="user.home" value="C:\Users\Harish19"/>
    <property name="user.timezone" value="Australia/Sydney"/>
    <property name="java.awt.printerjob" value="sun.awt.windows.WPrinterJob"/>
    <property name="BROWSER" value="chrome"/>
    <property name="java.specification.version" value="1.8"/>
    <property name="file.encoding" value="Cp1252"/>
    <property name="user.name" value="Harish19"/>
    <property name="java.class.path" value="C:\apache-maven-3.5.4\bin\..\boot\plexus-classworlds-2.5.2.jar"/>
    <property name="java.vm.specification.version" value="1.8"/>
    <property name="sun.arch.data.model" value="64"/>
    <property name="java.home" value="C:\Program Files\Java\jdk1.8.0_131\jre"/>
    <property name="sun.java.command" value="org.codehaus.plexus.classworlds.launcher.Launcher test -Dcucumber.options=--tags @UpdateComputer -DBROWSER=chrome -P dev"/>
    <property name="java.specification.vendor" value="Oracle Corporation"/>
    <property name="user.language" value="en"/>
    <property name="awt.toolkit" value="sun.awt.windows.WToolkit"/>
    <property name="java.vm.info" value="mixed mode"/>
    <property name="java.version" value="1.8.0_131"/>
    <property name="java.ext.dirs" value="C:\Program Files\Java\jdk1.8.0_131\jre\lib\ext;C:\WINDOWS\Sun\Java\lib\ext"/>
    <property name="sun.boot.class.path" value="C:\Program Files\Java\jdk1.8.0_131\jre\lib\resources.jar;C:\Program Files\Java\jdk1.8.0_131\jre\lib\rt.jar;C:\Program Files\Java\jdk1.8.0_131\jre\lib\sunrsasign.jar;C:\Program Files\Java\jdk1.8.0_131\jre\lib\jsse.jar;C:\Program Files\Java\jdk1.8.0_131\jre\lib\jce.jar;C:\Program Files\Java\jdk1.8.0_131\jre\lib\charsets.jar;C:\Program Files\Java\jdk1.8.0_131\jre\lib\jfr.jar;C:\Program Files\Java\jdk1.8.0_131\jre\classes"/>
    <property name="sun.stderr.encoding" value="cp850"/>
    <property name="java.vendor" value="Oracle Corporation"/>
    <property name="maven.home" value="C:\apache-maven-3.5.4\bin\.."/>
    <property name="file.separator" value="\"/>
    <property name="java.vendor.url.bug" value="http://bugreport.sun.com/bugreport/"/>
    <property name="sun.cpu.endian" value="little"/>
    <property name="sun.io.unicode.encoding" value="UnicodeLittle"/>
    <property name="sun.stdout.encoding" value="cp850"/>
    <property name="sun.desktop" value="windows"/>
    <property name="sun.cpu.isalist" value="amd64"/>
  </properties>
  <testcase classname="| Melbourne99 | 2011-12-12 | 2014-12-12 | Netronics | Sydney99 |" name="Given I load the home page" time="0.014"/>
  <testcase classname="| Melbourne99 | 2011-12-12 | 2014-12-12 | Netronics | Sydney99 |" name="And I note down the computer count" time="0"/>
  <testcase classname="| Melbourne99 | 2011-12-12 | 2014-12-12 | Netronics | Sydney99 |" name="And I delete the computer if it exists" time="0"/>
  <testcase classname="| Melbourne99 | 2011-12-12 | 2014-12-12 | Netronics | Sydney99 |" name="And I delete the computer if it exists" time="0"/>
  <testcase classname="| Melbourne99 | 2011-12-12 | 2014-12-12 | Netronics | Sydney99 |" name="And I create the computer if it does not exist" time="0.001"/>
  <testcase classname="| Melbourne99 | 2011-12-12 | 2014-12-12 | Netronics | Sydney99 |" name="And I enter the Melbourne99 in the filter text box" time="0.004"/>
  <testcase classname="| Melbourne99 | 2011-12-12 | 2014-12-12 | Netronics | Sydney99 |" name="And I click the filter button" time="0"/>
  <testcase classname="| Melbourne99 | 2011-12-12 | 2014-12-12 | Netronics | Sydney99 |" name="And I click on the Melbourne99 in the result" time="0"/>
  <testcase classname="| Melbourne99 | 2011-12-12 | 2014-12-12 | Netronics | Sydney99 |" name="And I enter the computer details Sydney99,2011-12-12,2014-12-12,Netronics" time="0"/>
  <testcase classname="| Melbourne99 | 2011-12-12 | 2014-12-12 | Netronics | Sydney99 |" name="And I click the save this computer button" time="0"/>
  <testcase classname="| Melbourne99 | 2011-12-12 | 2014-12-12 | Netronics | Sydney99 |" name="Then I verify Sydney99 updated successfully is displayed" time="0"/>
  <testcase classname="| Melbourne99 | 2011-12-12 | 2014-12-12 | Netronics | Sydney99 |" name="| Melbourne99 | 2011-12-12 | 2014-12-12 | Netronics | Sydney99 |" time="1.656"/>
  <testcase classname="| Melbourne99 | 2012-12-12 | 2013-12-12 | Netronics | Sydney99 | 2013-12-12 | 2014-12-12 | RCA |" name="Given I load the home page" time="0"/>
  <testcase classname="| Melbourne99 | 2012-12-12 | 2013-12-12 | Netronics | Sydney99 | 2013-12-12 | 2014-12-12 | RCA |" name="And I note down the computer count" time="0"/>
  <testcase classname="| Melbourne99 | 2012-12-12 | 2013-12-12 | Netronics | Sydney99 | 2013-12-12 | 2014-12-12 | RCA |" name="And I delete the computer if it exists" time="0"/>
  <testcase classname="| Melbourne99 | 2012-12-12 | 2013-12-12 | Netronics | Sydney99 | 2013-12-12 | 2014-12-12 | RCA |" name="And I delete the computer if it exists" time="0"/>
  <testcase classname="| Melbourne99 | 2012-12-12 | 2013-12-12 | Netronics | Sydney99 | 2013-12-12 | 2014-12-12 | RCA |" name="And I create the computer if it does not exist" time="0"/>
  <testcase classname="| Melbourne99 | 2012-12-12 | 2013-12-12 | Netronics | Sydney99 | 2013-12-12 | 2014-12-12 | RCA |" name="And I enter the Melbourne99 in the filter text box" time="0"/>
  <testcase classname="| Melbourne99 | 2012-12-12 | 2013-12-12 | Netronics | Sydney99 | 2013-12-12 | 2014-12-12 | RCA |" name="And I click the filter button" time="0.001"/>
  <testcase classname="| Melbourne99 | 2012-12-12 | 2013-12-12 | Netronics | Sydney99 | 2013-12-12 | 2014-12-12 | RCA |" name="And I click on the Melbourne99 in the result" time="0"/>
  <testcase classname="| Melbourne99 | 2012-12-12 | 2013-12-12 | Netronics | Sydney99 | 2013-12-12 | 2014-12-12 | RCA |" name="And I enter the computer details Sydney99,2013-12-12,2014-12-12,RCA" time="0"/>
  <testcase classname="| Melbourne99 | 2012-12-12 | 2013-12-12 | Netronics | Sydney99 | 2013-12-12 | 2014-12-12 | RCA |" name="And I click the cancel button" time="0"/>
  <testcase classname="| Melbourne99 | 2012-12-12 | 2013-12-12 | Netronics | Sydney99 | 2013-12-12 | 2014-12-12 | RCA |" name="And I enter the Melbourne99 in the filter text box" time="0"/>
  <testcase classname="| Melbourne99 | 2012-12-12 | 2013-12-12 | Netronics | Sydney99 | 2013-12-12 | 2014-12-12 | RCA |" name="And I click the filter button" time="0.001"/>
  <testcase classname="| Melbourne99 | 2012-12-12 | 2013-12-12 | Netronics | Sydney99 | 2013-12-12 | 2014-12-12 | RCA |" name="Then I verify the result contains Melbourne99,2012-12-12,2013-12-12,Netronics" time="0"/>
  <testcase classname="| Melbourne99 | 2012-12-12 | 2013-12-12 | Netronics | Sydney99 | 2013-12-12 | 2014-12-12 | RCA |" name="| Melbourne99 | 2012-12-12 | 2013-12-12 | Netronics | Sydney99 | 2013-12-12 | 2014-12-12 | RCA |" time="1.528"/>
  <testcase classname="| Melbourne99 | 2012-12-12 | 2013-12-12 | RCA |  |" name="Given I load the home page" time="0"/>
  <testcase classname="| Melbourne99 | 2012-12-12 | 2013-12-12 | RCA |  |" name="And I note down the computer count" time="0"/>
  <testcase classname="| Melbourne99 | 2012-12-12 | 2013-12-12 | RCA |  |" name="And I delete the computer if it exists" time="0.004"/>
  <testcase classname="| Melbourne99 | 2012-12-12 | 2013-12-12 | RCA |  |" name="And I delete the computer if it exists" time="0"/>
  <testcase classname="| Melbourne99 | 2012-12-12 | 2013-12-12 | RCA |  |" name="And I create the computer if it does not exist" time="0"/>
  <testcase classname="| Melbourne99 | 2012-12-12 | 2013-12-12 | RCA |  |" name="And I enter the Melbourne99 in the filter text box" time="0"/>
  <testcase classname="| Melbourne99 | 2012-12-12 | 2013-12-12 | RCA |  |" name="And I click the filter button" time="0"/>
  <testcase classname="| Melbourne99 | 2012-12-12 | 2013-12-12 | RCA |  |" name="And I click on the Melbourne99 in the result" time="0"/>
  <testcase classname="| Melbourne99 | 2012-12-12 | 2013-12-12 | RCA |  |" name="And I enter the computer details ,2012-12-12,2013-12-12,RCA" time="0"/>
  <testcase classname="| Melbourne99 | 2012-12-12 | 2013-12-12 | RCA |  |" name="And I click the save this computer button" time="0.001"/>
  <testcase classname="| Melbourne99 | 2012-12-12 | 2013-12-12 | RCA |  |" name="And I verify the computer name field is highlighted in red" time="0"/>
  <testcase classname="| Melbourne99 | 2012-12-12 | 2013-12-12 | RCA |  |" name="And I click the cancel button" time="0"/>
  <testcase classname="| Melbourne99 | 2012-12-12 | 2013-12-12 | RCA |  |" name="And I enter the Melbourne99 in the filter text box" time="0"/>
  <testcase classname="| Melbourne99 | 2012-12-12 | 2013-12-12 | RCA |  |" name="And I click the filter button" time="0"/>
  <testcase classname="| Melbourne99 | 2012-12-12 | 2013-12-12 | RCA |  |" name="Then I verify the result contains Melbourne99,2012-12-12,2013-12-12,RCA" time="0"/>
  <testcase classname="| Melbourne99 | 2012-12-12 | 2013-12-12 | RCA |  |" name="| Melbourne99 | 2012-12-12 | 2013-12-12 | RCA |  |" time="1.472"/>
  <testcase classname="| Melbourne99 | 2016-12-12 | 2013-12-12 | RCA |" name="Given I load the home page" time="0"/>
  <testcase classname="| Melbourne99 | 2016-12-12 | 2013-12-12 | RCA |" name="And I note down the computer count" time="0"/>
  <testcase classname="| Melbourne99 | 2016-12-12 | 2013-12-12 | RCA |" name="And I delete the computer if it exists" time="0"/>
  <testcase classname="| Melbourne99 | 2016-12-12 | 2013-12-12 | RCA |" name="And I delete the computer if it exists" time="0"/>
  <testcase classname="| Melbourne99 | 2016-12-12 | 2013-12-12 | RCA |" name="And I create the computer if it does not exist" time="0"/>
  <testcase classname="| Melbourne99 | 2016-12-12 | 2013-12-12 | RCA |" name="And I enter the Melbourne99 in the filter text box" time="0"/>
  <testcase classname="| Melbourne99 | 2016-12-12 | 2013-12-12 | RCA |" name="And I click the filter button" time="0"/>
  <testcase classname="| Melbourne99 | 2016-12-12 | 2013-12-12 | RCA |" name="And I click on the Melbourne99 in the result" time="0"/>
  <testcase classname="| Melbourne99 | 2016-12-12 | 2013-12-12 | RCA |" name="And I enter the computer details Melbourne99,2016-12-12,2013-12-12,RCA" time="0"/>
  <testcase classname="| Melbourne99 | 2016-12-12 | 2013-12-12 | RCA |" name="And I click the save this computer button" time="0.001"/>
  <testcase classname="| Melbourne99 | 2016-12-12 | 2013-12-12 | RCA |" name="Then I verify success message for Melbourne99 is not displayed" time="0.014">
    <failure message="Success message should not be displayed" type="junit.framework.AssertionFailedError">junit.framework.AssertionFailedError: Success message should not be displayed
	at junit.framework.Assert.fail(Assert.java:57)
	at junit.framework.Assert.assertTrue(Assert.java:22)
	at junit.framework.TestCase.assertTrue(TestCase.java:192)
	at StepDefinition.CreateComputerSteps.iVerifyCreateComputerSuccessMessageIsNotDisplayed(CreateComputerSteps.java:67)
	at ✽.Then I verify success message for Melbourne99 is not displayed(UpdateComputer.feature:81)
</failure>
  </testcase>
  <testcase classname="| Melbourne99 | 2016-12-12 | 2013-12-12 | RCA |" name="| Melbourne99 | 2016-12-12 | 2013-12-12 | RCA |" time="0.016">
    <failure message="Success message should not be displayed" type="junit.framework.AssertionFailedError">junit.framework.AssertionFailedError: Success message should not be displayed
	at junit.framework.Assert.fail(Assert.java:57)
	at junit.framework.Assert.assertTrue(Assert.java:22)
	at junit.framework.TestCase.assertTrue(TestCase.java:192)
	at StepDefinition.CreateComputerSteps.iVerifyCreateComputerSuccessMessageIsNotDisplayed(CreateComputerSteps.java:67)
	at ✽.Then I verify success message for Melbourne99 is not displayed(UpdateComputer.feature:81)
</failure>
  </testcase>
  <testcase classname="| Melbourne99 | 2012/12/12 | 2012-99-12 | RCA |  |" name="Given I load the home page" time="0"/>
  <testcase classname="| Melbourne99 | 2012/12/12 | 2012-99-12 | RCA |  |" name="And I note down the computer count" time="0"/>
  <testcase classname="| Melbourne99 | 2012/12/12 | 2012-99-12 | RCA |  |" name="And I delete the computer if it exists" time="0"/>
  <testcase classname="| Melbourne99 | 2012/12/12 | 2012-99-12 | RCA |  |" name="And I delete the computer if it exists" time="0"/>
  <testcase classname="| Melbourne99 | 2012/12/12 | 2012-99-12 | RCA |  |" name="And I create the computer if it does not exist" time="0"/>
  <testcase classname="| Melbourne99 | 2012/12/12 | 2012-99-12 | RCA |  |" name="And I enter the Melbourne99 in the filter text box" time="0"/>
  <testcase classname="| Melbourne99 | 2012/12/12 | 2012-99-12 | RCA |  |" name="And I click the filter button" time="0"/>
  <testcase classname="| Melbourne99 | 2012/12/12 | 2012-99-12 | RCA |  |" name="And I click on the Melbourne99 in the result" time="0"/>
  <testcase classname="| Melbourne99 | 2012/12/12 | 2012-99-12 | RCA |  |" name="And I enter the computer details ,2012/12/12,2012-99-12,RCA" time="0.001"/>
  <testcase classname="| Melbourne99 | 2012/12/12 | 2012-99-12 | RCA |  |" name="And I click the save this computer button" time="0"/>
  <testcase classname="| Melbourne99 | 2012/12/12 | 2012-99-12 | RCA |  |" name="And I verify the computer name field is highlighted in red" time="0"/>
  <testcase classname="| Melbourne99 | 2012/12/12 | 2012-99-12 | RCA |  |" name="And I verify the introduced date field is highlighted in red" time="0.001">
    <failure type="junit.framework.AssertionFailedError">junit.framework.AssertionFailedError
	at junit.framework.Assert.fail(Assert.java:55)
	at junit.framework.Assert.assertTrue(Assert.java:22)
	at junit.framework.Assert.assertTrue(Assert.java:31)
	at junit.framework.TestCase.assertTrue(TestCase.java:201)
	at StepDefinition.CreateComputerSteps.iVerifyTheIntroducedDateFieldIsHighlightedInRed(CreateComputerSteps.java:105)
	at ✽.And I verify the introduced date field is highlighted in red(UpdateComputer.feature:98)
</failure>
  </testcase>
  <testcase classname="| Melbourne99 | 2012/12/12 | 2012-99-12 | RCA |  |" name="| Melbourne99 | 2012/12/12 | 2012-99-12 | RCA |  |" time="0.001">
    <failure type="junit.framework.AssertionFailedError">junit.framework.AssertionFailedError
	at junit.framework.Assert.fail(Assert.java:55)
	at junit.framework.Assert.assertTrue(Assert.java:22)
	at junit.framework.Assert.assertTrue(Assert.java:31)
	at junit.framework.TestCase.assertTrue(TestCase.java:201)
	at StepDefinition.CreateComputerSteps.iVerifyTheIntroducedDateFieldIsHighlightedInRed(CreateComputerSteps.java:105)
	at ✽.And I verify the introduced date field is highlighted in red(UpdateComputer.feature:98)
</failure>
  </testcase>
  <testcase classname="| Melbourne99 | 2012/12/12 | 2012-99-12 | RCA |  |" name="And I verify the discontinued date field is highlighted in red" time="0.005">
    <skipped/>
  </testcase>
  <testcase classname="| Melbourne99 | 2012/12/12 | 2012-99-12 | RCA |  |" name="And I click the cancel button" time="0.006">
    <skipped/>
  </testcase>
  <testcase classname="| Melbourne99 | 2012/12/12 | 2012-99-12 | RCA |  |" name="And I enter the Melbourne99 in the filter text box" time="0.008">
    <skipped/>
  </testcase>
  <testcase classname="| Melbourne99 | 2012/12/12 | 2012-99-12 | RCA |  |" name="And I click the filter button" time="0.009">
    <skipped/>
  </testcase>
  <testcase classname="| Melbourne99 | 2012/12/12 | 2012-99-12 | RCA |  |" name="Then I verify the result contains Melbourne99,2012/12/12,2012-99-12,RCA" time="0.01">
    <skipped/>
  </testcase>
  <testcase classname="| Melbourne99 | 2011-12-12 | 2014-12-12 | Netronics | Sydney99 |" name="Given I load the home page" time="0.001"/>
  <testcase classname="| Melbourne99 | 2011-12-12 | 2014-12-12 | Netronics | Sydney99 |" name="And I note down the computer count" time="0"/>
  <testcase classname="| Melbourne99 | 2011-12-12 | 2014-12-12 | Netronics | Sydney99 |" name="And I delete the computer if it exists" time="0"/>
  <testcase classname="| Melbourne99 | 2011-12-12 | 2014-12-12 | Netronics | Sydney99 |" name="And I delete the computer if it exists" time="0.001"/>
  <testcase classname="| Melbourne99 | 2011-12-12 | 2014-12-12 | Netronics | Sydney99 |" name="And I create the computer if it does not exist" time="0"/>
  <testcase classname="| Melbourne99 | 2011-12-12 | 2014-12-12 | Netronics | Sydney99 |" name="And I create the computer if it does not exist" time="0"/>
  <testcase classname="| Melbourne99 | 2011-12-12 | 2014-12-12 | Netronics | Sydney99 |" name="And I enter the Sydney99 in the filter text box" time="0"/>
  <testcase classname="| Melbourne99 | 2011-12-12 | 2014-12-12 | Netronics | Sydney99 |" name="And I click the filter button" time="0"/>
  <testcase classname="| Melbourne99 | 2011-12-12 | 2014-12-12 | Netronics | Sydney99 |" name="And I click on the Melbourne99 in the result" time="0"/>
  <testcase classname="| Melbourne99 | 2011-12-12 | 2014-12-12 | Netronics | Sydney99 |" name="And I enter the computer details Sydney99,2011-12-12,2014-12-12,Netronics" time="0"/>
  <testcase classname="| Melbourne99 | 2011-12-12 | 2014-12-12 | Netronics | Sydney99 |" name="And I click the save this computer button" time="0"/>
  <testcase classname="| Melbourne99 | 2011-12-12 | 2014-12-12 | Netronics | Sydney99 |" name="Then I verify success message for Melbourne99 is not displayed" time="0">
    <failure message="Success message should not be displayed" type="junit.framework.AssertionFailedError">junit.framework.AssertionFailedError: Success message should not be displayed
	at junit.framework.Assert.fail(Assert.java:57)
	at junit.framework.Assert.assertTrue(Assert.java:22)
	at junit.framework.TestCase.assertTrue(TestCase.java:192)
	at StepDefinition.CreateComputerSteps.iVerifyCreateComputerSuccessMessageIsNotDisplayed(CreateComputerSteps.java:67)
	at ✽.Then I verify success message for Melbourne99 is not displayed(UpdateComputer.feature:123)
</failure>
  </testcase>
  <testcase classname="| Melbourne99 | 2011-12-12 | 2014-12-12 | Netronics | Sydney99 |" name="| Melbourne99 | 2011-12-12 | 2014-12-12 | Netronics | Sydney99 |" time="0.001">
    <failure message="Success message should not be displayed" type="junit.framework.AssertionFailedError">junit.framework.AssertionFailedError: Success message should not be displayed
	at junit.framework.Assert.fail(Assert.java:57)
	at junit.framework.Assert.assertTrue(Assert.java:22)
	at junit.framework.TestCase.assertTrue(TestCase.java:192)
	at StepDefinition.CreateComputerSteps.iVerifyCreateComputerSuccessMessageIsNotDisplayed(CreateComputerSteps.java:67)
	at ✽.Then I verify success message for Melbourne99 is not displayed(UpdateComputer.feature:123)
</failure>
  </testcase>
</testsuite>